000 (112012848.000.000) 2023-02-02 08:45:54 Job submitted from host: <10.14.0.160:9618?addrs=10.14.0.160-9618&alias=ldas-pcdev2.ligo.caltech.edu&noUDP&sock=schedd_4741_8298>
...
001 (112012848.000.000) 2023-02-02 08:48:36 Job executing on host: <10.14.2.175:9618?addrs=10.14.2.175-9618&alias=node425.cluster.ldas.cit&noUDP&sock=startd_2582_9d9f>
...
006 (112012848.000.000) 2023-02-02 08:48:45 Image size of job updated: 13074404
	86  -  MemoryUsage of job (MB)
	87672  -  ResidentSetSize of job (KB)
...
006 (112012848.000.000) 2023-02-02 08:51:58 Image size of job updated: 17099776
	90  -  MemoryUsage of job (MB)
	91172  -  ResidentSetSize of job (KB)
...
004 (112012848.000.000) 2023-02-02 08:51:58 Job was evicted.
	(0) CPU times
		Usr 0 00:00:05, Sys 0 00:00:01  -  Run Remote Usage
		Usr 0 00:00:00, Sys 0 00:00:00  -  Run Local Usage
	0  -  Run Bytes Sent By Job
	0  -  Run Bytes Received By Job
	Partitionable Resources :    Usage  Request Allocated Assigned
	   Cpus                 :     0.37        8         8 
	   Disk (KB)            :     0       65536    204560 
	   Gpus (Average)       :     0.00        1         1 "GPU-cb0c07b8"
	   GpusMemory (MB)      :   344                       
	   Memory (MB)          :    90        2048      2048 
...
009 (112012848.000.000) 2023-02-02 08:51:58 Job was aborted.
	via condor_rm (by user vasileios.skliris)
...
